09:50:22	[AVISO]	CREATETABLE - Criação de Tabelas versão 1.0.0
09:50:22	[AVISO]	Conectando com a base de dados SBOPORTALGENERICO
09:50:38	[SUCESSO]	A tabela [LGOD_PEDIDOVENDEDOR] foi criada com sucesso.
09:50:38	[RESUMO]	*************************
09:50:38	[RESUMO]	TABELAS CRIADAS:        1
09:50:38	[RESUMO]	TABELAS ATUALIZADAS:    0
09:50:38	[RESUMO]	TABELAS REMOVIDAS:      0
09:50:38	[RESUMO]	CAMPOS CRIADOS:         0
09:50:38	[RESUMO]	CAMPOS ATUALIZADOS:     0
09:50:38	[RESUMO]	CAMPOS REMOVIDOS:       0
09:50:38	[RESUMO]	OBJETOS CRIADOS:        0
09:50:38	[RESUMO]	OBJETOS ATUALIZADOS:    0
09:50:38	[RESUMO]	OBJETOS REMOVIDOS:      0
09:50:38	[RESUMO]	USERKEYS CRIADAS:       0
09:50:38	[RESUMO]	USERKEYS REMOVIDAS:     0
09:50:38	[RESUMO]	SCRYPTS EXECUTADOS:     0
09:50:38	[RESUMO]	CONSULTAS CRIADAS:      0
09:50:38	[RESUMO]	CONSULTAS ATUALIZADAS:  0
09:50:38	[RESUMO]	CONSULTAS REMOVIDAS:    0
09:50:38	[RESUMO]	PESQUISA CRIADAS:       0
09:50:38	[RESUMO]	PESQUISA ATUALIZADAS:   0
09:50:38	[RESUMO]	PESQUISA REMOVIDAS:     0
09:50:38	[RESUMO]	PERMISSÕES CRIADAS:     0
09:50:38	[RESUMO]	PERMISSÕES ATUALIZADAS: 0
09:50:38	[RESUMO]	PERMISSÕES REMOVIDAS:   0
