09:20:12	[AVISO]	CREATETABLE - Criação de Tabelas versão 1.0.0
09:20:12	[AVISO]	Conectando com a base de dados SBOPORTALGENERICO
09:20:20	[RESUMO]	*************************
09:20:20	[RESUMO]	TABELAS CRIADAS:        0
09:20:20	[RESUMO]	TABELAS ATUALIZADAS:    0
09:20:20	[RESUMO]	TABELAS REMOVIDAS:      0
09:20:20	[RESUMO]	CAMPOS CRIADOS:         0
09:20:20	[RESUMO]	CAMPOS ATUALIZADOS:     0
09:20:20	[RESUMO]	CAMPOS REMOVIDOS:       0
09:20:20	[RESUMO]	OBJETOS CRIADOS:        0
09:20:20	[RESUMO]	OBJETOS ATUALIZADOS:    0
09:20:20	[RESUMO]	OBJETOS REMOVIDOS:      0
09:20:20	[RESUMO]	USERKEYS CRIADAS:       0
09:20:20	[RESUMO]	USERKEYS REMOVIDAS:     0
09:20:20	[RESUMO]	SCRYPTS EXECUTADOS:     0
09:20:20	[RESUMO]	CONSULTAS CRIADAS:      0
09:20:20	[RESUMO]	CONSULTAS ATUALIZADAS:  0
09:20:20	[RESUMO]	CONSULTAS REMOVIDAS:    0
09:20:20	[RESUMO]	PESQUISA CRIADAS:       0
09:20:20	[RESUMO]	PESQUISA ATUALIZADAS:   0
09:20:20	[RESUMO]	PESQUISA REMOVIDAS:     0
09:20:20	[RESUMO]	PERMISSÕES CRIADAS:     0
09:20:20	[RESUMO]	PERMISSÕES ATUALIZADAS: 0
09:20:20	[RESUMO]	PERMISSÕES REMOVIDAS:   0
