11:08:07	[AVISO]	CREATETABLE - Criação de Tabelas versão 1.0.0
11:08:07	[AVISO]	Conectando com a base de dados SBOPORTALGENERICO
11:08:19	[SUCESSO]	A tabela [LGOD_PEDIDOVENDEDOR] foi removida com sucesso.
11:08:19	[RESUMO]	*************************
11:08:19	[RESUMO]	TABELAS CRIADAS:        0
11:08:19	[RESUMO]	TABELAS ATUALIZADAS:    0
11:08:19	[RESUMO]	TABELAS REMOVIDAS:      1
11:08:19	[RESUMO]	CAMPOS CRIADOS:         0
11:08:19	[RESUMO]	CAMPOS ATUALIZADOS:     0
11:08:19	[RESUMO]	CAMPOS REMOVIDOS:       0
11:08:19	[RESUMO]	OBJETOS CRIADOS:        0
11:08:19	[RESUMO]	OBJETOS ATUALIZADOS:    0
11:08:19	[RESUMO]	OBJETOS REMOVIDOS:      0
11:08:19	[RESUMO]	USERKEYS CRIADAS:       0
11:08:19	[RESUMO]	USERKEYS REMOVIDAS:     0
11:08:19	[RESUMO]	SCRYPTS EXECUTADOS:     0
11:08:19	[RESUMO]	CONSULTAS CRIADAS:      0
11:08:19	[RESUMO]	CONSULTAS ATUALIZADAS:  0
11:08:19	[RESUMO]	CONSULTAS REMOVIDAS:    0
11:08:19	[RESUMO]	PESQUISA CRIADAS:       0
11:08:19	[RESUMO]	PESQUISA ATUALIZADAS:   0
11:08:19	[RESUMO]	PESQUISA REMOVIDAS:     0
11:08:19	[RESUMO]	PERMISSÕES CRIADAS:     0
11:08:19	[RESUMO]	PERMISSÕES ATUALIZADAS: 0
11:08:19	[RESUMO]	PERMISSÕES REMOVIDAS:   0
