14:20:40	[AVISO]	CREATETABLE - Criação de Tabelas versão 1.0.0
14:20:40	[AVISO]	Conectando com a base de dados SBOPORTALGENERICO
14:20:47	[ERRO]	A remoção da tabela [LGODPEDIDOVENDEDOR] apresentou o seguinte erro: (A tabela não foi encontrado na base de dados SBOPORTALGENERICO)
14:20:47	[AVISO]	A tabela [LGOPEDIDOVENDA] já existe na base de dados.
14:20:47	[AVISO]	O campo [DocEntryPedido] já existe na tabela [@LGOPEDIDOVENDA].
14:20:47	[AVISO]	A tabela [LGDPEDIDOVENDEDOR] já existe na base de dados.
14:20:47	[AVISO]	O campo [VendedorCode] já existe na tabela [@LGDPEDIDOVENDEDOR].
14:20:54	[SUCESSO]	O objeto [LGOPEDIDOVENDA] foi registrado com sucesso.
14:20:54	[RESUMO]	*************************
14:20:54	[RESUMO]	TABELAS CRIADAS:        0
14:20:54	[RESUMO]	TABELAS ATUALIZADAS:    0
14:20:54	[RESUMO]	TABELAS REMOVIDAS:      0
14:20:54	[RESUMO]	CAMPOS CRIADOS:         0
14:20:54	[RESUMO]	CAMPOS ATUALIZADOS:     0
14:20:54	[RESUMO]	CAMPOS REMOVIDOS:       0
14:20:54	[RESUMO]	OBJETOS CRIADOS:        1
14:20:54	[RESUMO]	OBJETOS ATUALIZADOS:    0
14:20:54	[RESUMO]	OBJETOS REMOVIDOS:      0
14:20:54	[RESUMO]	USERKEYS CRIADAS:       0
14:20:54	[RESUMO]	USERKEYS REMOVIDAS:     0
14:20:54	[RESUMO]	SCRYPTS EXECUTADOS:     0
14:20:54	[RESUMO]	CONSULTAS CRIADAS:      0
14:20:54	[RESUMO]	CONSULTAS ATUALIZADAS:  0
14:20:54	[RESUMO]	CONSULTAS REMOVIDAS:    0
14:20:54	[RESUMO]	PESQUISA CRIADAS:       0
14:20:54	[RESUMO]	PESQUISA ATUALIZADAS:   0
14:20:54	[RESUMO]	PESQUISA REMOVIDAS:     0
14:20:54	[RESUMO]	PERMISSÕES CRIADAS:     0
14:20:54	[RESUMO]	PERMISSÕES ATUALIZADAS: 0
14:20:54	[RESUMO]	PERMISSÕES REMOVIDAS:   0
