11:30:55	[AVISO]	CREATETABLE - Criação de Tabelas versão 1.0.0
11:30:55	[AVISO]	Conectando com a base de dados SBOPORTALGENERICO
11:31:08	[SUCESSO]	A tabela [LGODPEDIDOVENDEDOR] foi criada com sucesso.
11:31:13	[SUCESSO]	O campo [VendedorCode] na tabela [@LGODPEDIDOVENDEDOR] foi criado com sucesso.
11:31:13	[ERRO]	Erro ao executar método RegisterOrUpdate_Objects - Foi definido para o objeto [LGODPEDIDOVENDEDOR] o serviço de procura, porém nenhum campo de busca foi específicado.
11:31:13	[RESUMO]	*************************
11:31:13	[RESUMO]	TABELAS CRIADAS:        1
11:31:13	[RESUMO]	TABELAS ATUALIZADAS:    0
11:31:13	[RESUMO]	TABELAS REMOVIDAS:      0
11:31:13	[RESUMO]	CAMPOS CRIADOS:         1
11:31:13	[RESUMO]	CAMPOS ATUALIZADOS:     0
11:31:13	[RESUMO]	CAMPOS REMOVIDOS:       0
11:31:13	[RESUMO]	OBJETOS CRIADOS:        0
11:31:13	[RESUMO]	OBJETOS ATUALIZADOS:    0
11:31:13	[RESUMO]	OBJETOS REMOVIDOS:      0
11:31:13	[RESUMO]	USERKEYS CRIADAS:       0
11:31:13	[RESUMO]	USERKEYS REMOVIDAS:     0
11:31:13	[RESUMO]	SCRYPTS EXECUTADOS:     0
11:31:13	[RESUMO]	CONSULTAS CRIADAS:      0
11:31:13	[RESUMO]	CONSULTAS ATUALIZADAS:  0
11:31:13	[RESUMO]	CONSULTAS REMOVIDAS:    0
11:31:13	[RESUMO]	PESQUISA CRIADAS:       0
11:31:13	[RESUMO]	PESQUISA ATUALIZADAS:   0
11:31:13	[RESUMO]	PESQUISA REMOVIDAS:     0
11:31:13	[RESUMO]	PERMISSÕES CRIADAS:     0
11:31:13	[RESUMO]	PERMISSÕES ATUALIZADAS: 0
11:31:13	[RESUMO]	PERMISSÕES REMOVIDAS:   0
