21:45:02	[AVISO]	CREATETABLE - Criação de Tabelas versão 1.0.0
21:45:02	[AVISO]	Conectando com a base de dados SBOPORTALGENERICO
21:45:08	[ERRO]	A criação da tabela [LGOCTabelaFunc] apresentou o seguinte erro: - (Esta entrada já existe nas tabelas seguintes (ODBC -2035)).
21:45:12	[ERRO]	A criação do campo [NAME] na tabela [@LGOCTabelaFunc] apresentou o seguinte erro: - (Esta entrada já existe nas tabelas seguintes (ODBC -2035)).
21:45:16	[ERRO]	A criação do campo [LASTNAME] na tabela [@LGOCTabelaFunc] apresentou o seguinte erro: - (Esta entrada já existe nas tabelas seguintes (ODBC -2035)).
21:45:20	[ERRO]	A criação do campo [CPF] na tabela [@LGOCTabelaFunc] apresentou o seguinte erro: - (Esta entrada já existe nas tabelas seguintes (ODBC -2035)).
21:45:21	[AVISO]	O objeto [LGOCTabelaFunc] já existe na base de dados
21:45:21	[RESUMO]	*************************
21:45:21	[RESUMO]	TABELAS CRIADAS:        0
21:45:21	[RESUMO]	TABELAS ATUALIZADAS:    0
21:45:21	[RESUMO]	TABELAS REMOVIDAS:      0
21:45:21	[RESUMO]	CAMPOS CRIADOS:         0
21:45:21	[RESUMO]	CAMPOS ATUALIZADOS:     0
21:45:21	[RESUMO]	CAMPOS REMOVIDOS:       0
21:45:21	[RESUMO]	OBJETOS CRIADOS:        0
21:45:21	[RESUMO]	OBJETOS ATUALIZADOS:    0
21:45:21	[RESUMO]	OBJETOS REMOVIDOS:      0
21:45:21	[RESUMO]	USERKEYS CRIADAS:       0
21:45:21	[RESUMO]	USERKEYS REMOVIDAS:     0
21:45:21	[RESUMO]	SCRYPTS EXECUTADOS:     0
21:45:21	[RESUMO]	CONSULTAS CRIADAS:      0
21:45:21	[RESUMO]	CONSULTAS ATUALIZADAS:  0
21:45:21	[RESUMO]	CONSULTAS REMOVIDAS:    0
21:45:21	[RESUMO]	PESQUISA CRIADAS:       0
21:45:21	[RESUMO]	PESQUISA ATUALIZADAS:   0
21:45:21	[RESUMO]	PESQUISA REMOVIDAS:     0
21:45:21	[RESUMO]	PERMISSÕES CRIADAS:     0
21:45:21	[RESUMO]	PERMISSÕES ATUALIZADAS: 0
21:45:21	[RESUMO]	PERMISSÕES REMOVIDAS:   0
