14:20:36	[AVISO]	CREATETABLE - Criação de Tabelas versão 1.0.0
14:20:36	[AVISO]	Conectando com a base de dados SBOPORTALGENERICO
14:20:45	[SUCESSO]	A tabela [LGOCTabelaFunc] foi criada com sucesso.
14:20:50	[SUCESSO]	O campo [NAME] na tabela [@LGOCTabelaFunc] foi criado com sucesso.
14:20:54	[SUCESSO]	O campo [LASTNAME] na tabela [@LGOCTabelaFunc] foi criado com sucesso.
14:20:58	[SUCESSO]	O campo [CPF] na tabela [@LGOCTabelaFunc] foi criado com sucesso.
14:21:03	[SUCESSO]	O campo [TEL] na tabela [@LGOCTabelaFunc] foi criado com sucesso.
14:21:06	[SUCESSO]	O objeto [LGOCTabelaFunc] foi registrado com sucesso.
14:21:06	[RESUMO]	*************************
14:21:06	[RESUMO]	TABELAS CRIADAS:        1
14:21:06	[RESUMO]	TABELAS ATUALIZADAS:    0
14:21:06	[RESUMO]	TABELAS REMOVIDAS:      0
14:21:06	[RESUMO]	CAMPOS CRIADOS:         4
14:21:06	[RESUMO]	CAMPOS ATUALIZADOS:     0
14:21:06	[RESUMO]	CAMPOS REMOVIDOS:       0
14:21:06	[RESUMO]	OBJETOS CRIADOS:        1
14:21:06	[RESUMO]	OBJETOS ATUALIZADOS:    0
14:21:06	[RESUMO]	OBJETOS REMOVIDOS:      0
14:21:06	[RESUMO]	USERKEYS CRIADAS:       0
14:21:06	[RESUMO]	USERKEYS REMOVIDAS:     0
14:21:06	[RESUMO]	SCRYPTS EXECUTADOS:     0
14:21:06	[RESUMO]	CONSULTAS CRIADAS:      0
14:21:06	[RESUMO]	CONSULTAS ATUALIZADAS:  0
14:21:06	[RESUMO]	CONSULTAS REMOVIDAS:    0
14:21:06	[RESUMO]	PESQUISA CRIADAS:       0
14:21:06	[RESUMO]	PESQUISA ATUALIZADAS:   0
14:21:06	[RESUMO]	PESQUISA REMOVIDAS:     0
14:21:06	[RESUMO]	PERMISSÕES CRIADAS:     0
14:21:06	[RESUMO]	PERMISSÕES ATUALIZADAS: 0
14:21:06	[RESUMO]	PERMISSÕES REMOVIDAS:   0
