21:30:08	[AVISO]	CREATETABLE - Criação de Tabelas versão 1.0.0
21:30:08	[AVISO]	Conectando com a base de dados SBOPORTALGENERICO
21:30:14	[ERRO]	A criação da tabela [LGOCTabelaFunc] apresentou o seguinte erro: - (Esta entrada já existe nas tabelas seguintes (ODBC -2035)).
21:30:17	[ERRO]	A criação do campo [NAME] na tabela [@LGOCTabelaFunc] apresentou o seguinte erro: - (Esta entrada já existe nas tabelas seguintes (ODBC -2035)).
21:30:21	[ERRO]	A criação do campo [LASTNAME] na tabela [@LGOCTabelaFunc] apresentou o seguinte erro: - (Esta entrada já existe nas tabelas seguintes (ODBC -2035)).
21:30:25	[ERRO]	A criação do campo [CPF] na tabela [@LGOCTabelaFunc] apresentou o seguinte erro: - (Esta entrada já existe nas tabelas seguintes (ODBC -2035)).
21:30:29	[ERRO]	A criação do campo [TEL] na tabela [@LGOCTabelaFunc] apresentou o seguinte erro: - (Esta entrada já existe nas tabelas seguintes (ODBC -2035)).
21:30:33	[ERRO]	A criação do campo [TEL] na tabela [@LGOCTabelaFunc] apresentou o seguinte erro: - (Esta entrada já existe nas tabelas seguintes (ODBC -2035)).
21:30:34	[AVISO]	O objeto [LGOCTabelaFunc] já existe na base de dados
21:30:34	[RESUMO]	*************************
21:30:34	[RESUMO]	TABELAS CRIADAS:        0
21:30:34	[RESUMO]	TABELAS ATUALIZADAS:    0
21:30:34	[RESUMO]	TABELAS REMOVIDAS:      0
21:30:34	[RESUMO]	CAMPOS CRIADOS:         0
21:30:34	[RESUMO]	CAMPOS ATUALIZADOS:     0
21:30:34	[RESUMO]	CAMPOS REMOVIDOS:       0
21:30:34	[RESUMO]	OBJETOS CRIADOS:        0
21:30:34	[RESUMO]	OBJETOS ATUALIZADOS:    0
21:30:34	[RESUMO]	OBJETOS REMOVIDOS:      0
21:30:34	[RESUMO]	USERKEYS CRIADAS:       0
21:30:34	[RESUMO]	USERKEYS REMOVIDAS:     0
21:30:34	[RESUMO]	SCRYPTS EXECUTADOS:     0
21:30:34	[RESUMO]	CONSULTAS CRIADAS:      0
21:30:34	[RESUMO]	CONSULTAS ATUALIZADAS:  0
21:30:34	[RESUMO]	CONSULTAS REMOVIDAS:    0
21:30:34	[RESUMO]	PESQUISA CRIADAS:       0
21:30:34	[RESUMO]	PESQUISA ATUALIZADAS:   0
21:30:34	[RESUMO]	PESQUISA REMOVIDAS:     0
21:30:34	[RESUMO]	PERMISSÕES CRIADAS:     0
21:30:34	[RESUMO]	PERMISSÕES ATUALIZADAS: 0
21:30:34	[RESUMO]	PERMISSÕES REMOVIDAS:   0
