14:15:14	[AVISO]	CREATETABLE - Criação de Tabelas versão 1.0.0
14:15:14	[AVISO]	Conectando com a base de dados SBOPORTALGENERICO
14:15:19	[ERRO]	O Tamanho máximo permitido para o NOME da tabela [LGOCTabelaFuncionarios] excede o tamanho máximo permitido de 19 caracteres!
14:15:20	[ERRO]	Erro no método CreateUpdate_UserFields: (CServiceData::SetPropertyValueString failed; Value too long in property 'TableName' of 'UserFieldMD').
14:15:20	[ERRO]	Erro no método CreateUpdate_UserFields: (CServiceData::SetPropertyValueString failed; Value too long in property 'TableName' of 'UserFieldMD').
14:15:20	[ERRO]	Erro no método CreateUpdate_UserFields: (CServiceData::SetPropertyValueString failed; Value too long in property 'TableName' of 'UserFieldMD').
14:15:20	[ERRO]	Erro no método CreateUpdate_UserFields: (CServiceData::SetPropertyValueString failed; Value too long in property 'TableName' of 'UserFieldMD').
14:15:20	[ERRO]	Erro ao executar método RegisterOrUpdate_Objects - Data too large for the field
14:15:20	[RESUMO]	*************************
14:15:20	[RESUMO]	TABELAS CRIADAS:        0
14:15:20	[RESUMO]	TABELAS ATUALIZADAS:    0
14:15:20	[RESUMO]	TABELAS REMOVIDAS:      0
14:15:20	[RESUMO]	CAMPOS CRIADOS:         0
14:15:20	[RESUMO]	CAMPOS ATUALIZADOS:     0
14:15:20	[RESUMO]	CAMPOS REMOVIDOS:       0
14:15:20	[RESUMO]	OBJETOS CRIADOS:        0
14:15:20	[RESUMO]	OBJETOS ATUALIZADOS:    0
14:15:20	[RESUMO]	OBJETOS REMOVIDOS:      0
14:15:20	[RESUMO]	USERKEYS CRIADAS:       0
14:15:20	[RESUMO]	USERKEYS REMOVIDAS:     0
14:15:20	[RESUMO]	SCRYPTS EXECUTADOS:     0
14:15:20	[RESUMO]	CONSULTAS CRIADAS:      0
14:15:20	[RESUMO]	CONSULTAS ATUALIZADAS:  0
14:15:20	[RESUMO]	CONSULTAS REMOVIDAS:    0
14:15:20	[RESUMO]	PESQUISA CRIADAS:       0
14:15:20	[RESUMO]	PESQUISA ATUALIZADAS:   0
14:15:20	[RESUMO]	PESQUISA REMOVIDAS:     0
14:15:20	[RESUMO]	PERMISSÕES CRIADAS:     0
14:15:20	[RESUMO]	PERMISSÕES ATUALIZADAS: 0
14:15:20	[RESUMO]	PERMISSÕES REMOVIDAS:   0
