22:05:02	[AVISO]	CREATETABLE - Criação de Tabelas versão 1.0.0
22:05:02	[AVISO]	Conectando com a base de dados SBOPORTALGENERICO
22:05:07	[ERRO]	A criação da tabela [LGOCTabelaFunc] apresentou o seguinte erro: - (Esta entrada já existe nas tabelas seguintes (ODBC -2035)).
22:05:10	[ERRO]	A criação do campo [NAME] na tabela [@LGOCTabelaFunc] apresentou o seguinte erro: - (Esta entrada já existe nas tabelas seguintes (ODBC -2035)).
22:05:13	[ERRO]	A criação do campo [LASTNAME] na tabela [@LGOCTabelaFunc] apresentou o seguinte erro: - (Esta entrada já existe nas tabelas seguintes (ODBC -2035)).
22:05:17	[ERRO]	A criação do campo [CPF] na tabela [@LGOCTabelaFunc] apresentou o seguinte erro: - (Esta entrada já existe nas tabelas seguintes (ODBC -2035)).
22:05:21	[ERRO]	A criação do campo [TEL] na tabela [@LGOCTabelaFunc] apresentou o seguinte erro: - (Esta entrada já existe nas tabelas seguintes (ODBC -2035)).
22:05:25	[ERRO]	A criação do campo [DPT] na tabela [@LGOCTabelaFunc] apresentou o seguinte erro: - (Esta entrada já existe nas tabelas seguintes (ODBC -2035)).
22:05:30	[SUCESSO]	O campo [ID_ATT] na tabela [@LGOCTabelaFunc] foi criado com sucesso.
22:05:34	[SUCESSO]	O campo [CODE_DPT] na tabela [@LGOCTabelaFunc] foi criado com sucesso.
22:05:35	[ERRO]	Ao atualizar o registro do objeto [LGOCTabelaFunc] o seguinte erro foi encontrado: ( [UDO2.ColAlias][line: 5] , 'Coluna inválida na tabela @LGOCTABELAFUNC').
22:05:35	[RESUMO]	*************************
22:05:35	[RESUMO]	TABELAS CRIADAS:        0
22:05:35	[RESUMO]	TABELAS ATUALIZADAS:    0
22:05:35	[RESUMO]	TABELAS REMOVIDAS:      0
22:05:35	[RESUMO]	CAMPOS CRIADOS:         2
22:05:35	[RESUMO]	CAMPOS ATUALIZADOS:     0
22:05:35	[RESUMO]	CAMPOS REMOVIDOS:       0
22:05:35	[RESUMO]	OBJETOS CRIADOS:        0
22:05:35	[RESUMO]	OBJETOS ATUALIZADOS:    0
22:05:35	[RESUMO]	OBJETOS REMOVIDOS:      0
22:05:35	[RESUMO]	USERKEYS CRIADAS:       0
22:05:35	[RESUMO]	USERKEYS REMOVIDAS:     0
22:05:35	[RESUMO]	SCRYPTS EXECUTADOS:     0
22:05:35	[RESUMO]	CONSULTAS CRIADAS:      0
22:05:35	[RESUMO]	CONSULTAS ATUALIZADAS:  0
22:05:35	[RESUMO]	CONSULTAS REMOVIDAS:    0
22:05:35	[RESUMO]	PESQUISA CRIADAS:       0
22:05:35	[RESUMO]	PESQUISA ATUALIZADAS:   0
22:05:35	[RESUMO]	PESQUISA REMOVIDAS:     0
22:05:35	[RESUMO]	PERMISSÕES CRIADAS:     0
22:05:35	[RESUMO]	PERMISSÕES ATUALIZADAS: 0
22:05:35	[RESUMO]	PERMISSÕES REMOVIDAS:   0
