12:37:08	[AVISO]	CREATETABLE - Criação de Tabelas versão 1.0.0
12:37:08	[AVISO]	Conectando com a base de dados SBOPORTALGENERICO
12:37:14	[ERRO]	A criação da tabela [LGOCTabelaFunc] apresentou o seguinte erro: - (Esta entrada já existe nas tabelas seguintes (ODBC -2035)).
12:37:17	[ERRO]	A criação do campo [NAME] na tabela [@LGOCTabelaFunc] apresentou o seguinte erro: - (Esta entrada já existe nas tabelas seguintes (ODBC -2035)).
12:37:21	[ERRO]	A criação do campo [LASTNAME] na tabela [@LGOCTabelaFunc] apresentou o seguinte erro: - (Esta entrada já existe nas tabelas seguintes (ODBC -2035)).
12:37:25	[ERRO]	A criação do campo [CPF] na tabela [@LGOCTabelaFunc] apresentou o seguinte erro: - (Esta entrada já existe nas tabelas seguintes (ODBC -2035)).
12:37:28	[ERRO]	A criação do campo [TEL] na tabela [@LGOCTabelaFunc] apresentou o seguinte erro: - (Esta entrada já existe nas tabelas seguintes (ODBC -2035)).
12:37:32	[ERRO]	A criação do campo [DPT] na tabela [@LGOCTabelaFunc] apresentou o seguinte erro: - (Esta entrada já existe nas tabelas seguintes (ODBC -2035)).
12:37:36	[ERRO]	A criação do campo [ID_ATT] na tabela [@LGOCTabelaFunc] apresentou o seguinte erro: - (Esta entrada já existe nas tabelas seguintes (ODBC -2035)).
12:37:40	[ERRO]	A criação do campo [CODE_DPT] na tabela [@LGOCTabelaFunc] apresentou o seguinte erro: - (Esta entrada já existe nas tabelas seguintes (ODBC -2035)).
12:37:40	[AVISO]	A tabela [LGOLCTABELADPT] já existe na base de dados.
12:37:40	[AVISO]	O campo [CODE] já existe na tabela [@LGOLCTABELADPT].
12:37:40	[AVISO]	O campo [NAME] já existe na tabela [@LGOLCTABELADPT].
12:37:40	[AVISO]	O campo [CODE_DPT] já existe na tabela [@LGOLCTABELADPT].
12:37:41	[AVISO]	O campo [DPT] já existe na tabela [@LGOLCTABELADPT].
12:37:41	[ERRO]	Ao atualizar o registro do objeto [LGOCTabelaFunc] o seguinte erro foi encontrado: ( [UDO2.ColAlias][line: 5] , 'Coluna inválida na tabela @LGOCTABELAFUNC').
12:37:41	[RESUMO]	*************************
12:37:41	[RESUMO]	TABELAS CRIADAS:        0
12:37:41	[RESUMO]	TABELAS ATUALIZADAS:    0
12:37:41	[RESUMO]	TABELAS REMOVIDAS:      0
12:37:41	[RESUMO]	CAMPOS CRIADOS:         0
12:37:41	[RESUMO]	CAMPOS ATUALIZADOS:     0
12:37:41	[RESUMO]	CAMPOS REMOVIDOS:       0
12:37:41	[RESUMO]	OBJETOS CRIADOS:        0
12:37:41	[RESUMO]	OBJETOS ATUALIZADOS:    0
12:37:41	[RESUMO]	OBJETOS REMOVIDOS:      0
12:37:41	[RESUMO]	USERKEYS CRIADAS:       0
12:37:41	[RESUMO]	USERKEYS REMOVIDAS:     0
12:37:41	[RESUMO]	SCRYPTS EXECUTADOS:     0
12:37:41	[RESUMO]	CONSULTAS CRIADAS:      0
12:37:41	[RESUMO]	CONSULTAS ATUALIZADAS:  0
12:37:41	[RESUMO]	CONSULTAS REMOVIDAS:    0
12:37:41	[RESUMO]	PESQUISA CRIADAS:       0
12:37:41	[RESUMO]	PESQUISA ATUALIZADAS:   0
12:37:41	[RESUMO]	PESQUISA REMOVIDAS:     0
12:37:41	[RESUMO]	PERMISSÕES CRIADAS:     0
12:37:41	[RESUMO]	PERMISSÕES ATUALIZADAS: 0
12:37:41	[RESUMO]	PERMISSÕES REMOVIDAS:   0
