09:21:10	[AVISO]	CREATETABLE - Criação de Tabelas versão 1.0.0
09:21:10	[AVISO]	Conectando com a base de dados SBOPORTALGENERICO
09:21:16	[ERRO]	A criação da tabela [LGOCTabelaFunc] apresentou o seguinte erro: - (Esta entrada já existe nas tabelas seguintes (ODBC -2035)).
09:21:20	[SUCESSO]	O campo [U_ID_DPT] na tabela [@LGOCTabelaFunc] foi criado com sucesso.
09:21:24	[ERRO]	A criação do campo [NAME] na tabela [@LGOCTabelaFunc] apresentou o seguinte erro: - (Esta entrada já existe nas tabelas seguintes (ODBC -2035)).
09:21:28	[ERRO]	A criação do campo [LASTNAME] na tabela [@LGOCTabelaFunc] apresentou o seguinte erro: - (Esta entrada já existe nas tabelas seguintes (ODBC -2035)).
09:21:32	[ERRO]	A criação do campo [CPF] na tabela [@LGOCTabelaFunc] apresentou o seguinte erro: - (Esta entrada já existe nas tabelas seguintes (ODBC -2035)).
09:21:36	[ERRO]	A criação do campo [TEL] na tabela [@LGOCTabelaFunc] apresentou o seguinte erro: - (Esta entrada já existe nas tabelas seguintes (ODBC -2035)).
09:21:39	[ERRO]	A criação do campo [DPT] na tabela [@LGOCTabelaFunc] apresentou o seguinte erro: - (Esta entrada já existe nas tabelas seguintes (ODBC -2035)).
09:21:43	[ERRO]	A criação do campo [ID_ATT] na tabela [@LGOCTabelaFunc] apresentou o seguinte erro: - (Esta entrada já existe nas tabelas seguintes (ODBC -2035)).
09:21:47	[ERRO]	A criação do campo [CODE_DPT] na tabela [@LGOCTabelaFunc] apresentou o seguinte erro: - (Esta entrada já existe nas tabelas seguintes (ODBC -2035)).
09:21:48	[AVISO]	A tabela [LGOLCTABELADPT] já existe na base de dados.
09:21:48	[AVISO]	O campo [CODE] já existe na tabela [@LGOLCTABELADPT].
09:21:48	[AVISO]	O campo [NAME] já existe na tabela [@LGOLCTABELADPT].
09:21:48	[AVISO]	O campo [CODE_DPT] já existe na tabela [@LGOLCTABELADPT].
09:21:48	[AVISO]	O campo [DPT] já existe na tabela [@LGOLCTABELADPT].
09:21:52	[SUCESSO]	O campo [U_ID_DPT] na tabela [@LGOLCTABELADPT] foi criado com sucesso.
09:21:53	[ERRO]	Ao atualizar o registro do objeto [LGOCTabelaFunc] o seguinte erro foi encontrado: ( [UDO2.ColAlias][line: 8] , 'Coluna inválida na tabela @LGOCTABELAFUNC').
09:21:53	[RESUMO]	*************************
09:21:53	[RESUMO]	TABELAS CRIADAS:        0
09:21:53	[RESUMO]	TABELAS ATUALIZADAS:    0
09:21:53	[RESUMO]	TABELAS REMOVIDAS:      0
09:21:53	[RESUMO]	CAMPOS CRIADOS:         2
09:21:53	[RESUMO]	CAMPOS ATUALIZADOS:     0
09:21:53	[RESUMO]	CAMPOS REMOVIDOS:       0
09:21:53	[RESUMO]	OBJETOS CRIADOS:        0
09:21:53	[RESUMO]	OBJETOS ATUALIZADOS:    0
09:21:53	[RESUMO]	OBJETOS REMOVIDOS:      0
09:21:53	[RESUMO]	USERKEYS CRIADAS:       0
09:21:53	[RESUMO]	USERKEYS REMOVIDAS:     0
09:21:53	[RESUMO]	SCRYPTS EXECUTADOS:     0
09:21:53	[RESUMO]	CONSULTAS CRIADAS:      0
09:21:53	[RESUMO]	CONSULTAS ATUALIZADAS:  0
09:21:53	[RESUMO]	CONSULTAS REMOVIDAS:    0
09:21:53	[RESUMO]	PESQUISA CRIADAS:       0
09:21:53	[RESUMO]	PESQUISA ATUALIZADAS:   0
09:21:53	[RESUMO]	PESQUISA REMOVIDAS:     0
09:21:53	[RESUMO]	PERMISSÕES CRIADAS:     0
09:21:53	[RESUMO]	PERMISSÕES ATUALIZADAS: 0
09:21:53	[RESUMO]	PERMISSÕES REMOVIDAS:   0
