12:46:27	[AVISO]	CREATETABLE - Criação de Tabelas versão 1.0.0
12:46:27	[AVISO]	Conectando com a base de dados SBOPORTALGENERICO
12:46:33	[ERRO]	A criação da tabela [LGOCTabelaFunc] apresentou o seguinte erro: - (Esta entrada já existe nas tabelas seguintes (ODBC -2035)).
12:46:36	[ERRO]	A criação do campo [ID_DPTS] na tabela [@LGOCTabelaFunc] apresentou o seguinte erro: - (Esta entrada já existe nas tabelas seguintes (ODBC -2035)).
12:46:39	[ERRO]	A criação do campo [NAME] na tabela [@LGOCTabelaFunc] apresentou o seguinte erro: - (Esta entrada já existe nas tabelas seguintes (ODBC -2035)).
12:46:42	[ERRO]	A criação do campo [LASTNAME] na tabela [@LGOCTabelaFunc] apresentou o seguinte erro: - (Esta entrada já existe nas tabelas seguintes (ODBC -2035)).
12:46:45	[ERRO]	A criação do campo [CPF] na tabela [@LGOCTabelaFunc] apresentou o seguinte erro: - (Esta entrada já existe nas tabelas seguintes (ODBC -2035)).
12:46:48	[ERRO]	A criação do campo [TEL] na tabela [@LGOCTabelaFunc] apresentou o seguinte erro: - (Esta entrada já existe nas tabelas seguintes (ODBC -2035)).
12:46:52	[ERRO]	A criação do campo [DPT] na tabela [@LGOCTabelaFunc] apresentou o seguinte erro: - (Esta entrada já existe nas tabelas seguintes (ODBC -2035)).
12:46:55	[ERRO]	A criação do campo [ID_ATT] na tabela [@LGOCTabelaFunc] apresentou o seguinte erro: - (Esta entrada já existe nas tabelas seguintes (ODBC -2035)).
12:46:59	[ERRO]	A criação do campo [CODE_DPT] na tabela [@LGOCTabelaFunc] apresentou o seguinte erro: - (Esta entrada já existe nas tabelas seguintes (ODBC -2035)).
12:47:00	[AVISO]	A tabela [LGOLCTABELADPT] já existe na base de dados.
12:47:00	[AVISO]	O campo [CODE] já existe na tabela [@LGOLCTABELADPT].
12:47:00	[AVISO]	O campo [NAME] já existe na tabela [@LGOLCTABELADPT].
12:47:00	[AVISO]	O campo [CODE_DPT] já existe na tabela [@LGOLCTABELADPT].
12:47:00	[AVISO]	O campo [DPT] já existe na tabela [@LGOLCTABELADPT].
12:47:00	[AVISO]	O campo [ID_DPTS] já existe na tabela [@LGOLCTABELADPT].
12:47:00	[AVISO]	O objeto [LGOCTabelaFunc] já existe na base de dados
12:47:00	[RESUMO]	*************************
12:47:00	[RESUMO]	TABELAS CRIADAS:        0
12:47:00	[RESUMO]	TABELAS ATUALIZADAS:    0
12:47:00	[RESUMO]	TABELAS REMOVIDAS:      0
12:47:00	[RESUMO]	CAMPOS CRIADOS:         0
12:47:00	[RESUMO]	CAMPOS ATUALIZADOS:     0
12:47:00	[RESUMO]	CAMPOS REMOVIDOS:       0
12:47:00	[RESUMO]	OBJETOS CRIADOS:        0
12:47:00	[RESUMO]	OBJETOS ATUALIZADOS:    0
12:47:00	[RESUMO]	OBJETOS REMOVIDOS:      0
12:47:00	[RESUMO]	USERKEYS CRIADAS:       0
12:47:00	[RESUMO]	USERKEYS REMOVIDAS:     0
12:47:00	[RESUMO]	SCRYPTS EXECUTADOS:     0
12:47:00	[RESUMO]	CONSULTAS CRIADAS:      0
12:47:00	[RESUMO]	CONSULTAS ATUALIZADAS:  0
12:47:00	[RESUMO]	CONSULTAS REMOVIDAS:    0
12:47:00	[RESUMO]	PESQUISA CRIADAS:       0
12:47:00	[RESUMO]	PESQUISA ATUALIZADAS:   0
12:47:00	[RESUMO]	PESQUISA REMOVIDAS:     0
12:47:00	[RESUMO]	PERMISSÕES CRIADAS:     0
12:47:00	[RESUMO]	PERMISSÕES ATUALIZADAS: 0
12:47:00	[RESUMO]	PERMISSÕES REMOVIDAS:   0
