10:04:23	[AVISO]	CREATETABLE - Criação de Tabelas versão 1.0.0
10:04:23	[AVISO]	Conectando com a base de dados SBOPORTALGENERICO
10:04:33	[SUCESSO]	A tabela [LGOCTabelaItens] foi criada com sucesso.
10:04:33	[RESUMO]	*************************
10:04:33	[RESUMO]	TABELAS CRIADAS:        1
10:04:33	[RESUMO]	TABELAS ATUALIZADAS:    0
10:04:33	[RESUMO]	TABELAS REMOVIDAS:      0
10:04:33	[RESUMO]	CAMPOS CRIADOS:         0
10:04:33	[RESUMO]	CAMPOS ATUALIZADOS:     0
10:04:33	[RESUMO]	CAMPOS REMOVIDOS:       0
10:04:33	[RESUMO]	OBJETOS CRIADOS:        0
10:04:33	[RESUMO]	OBJETOS ATUALIZADOS:    0
10:04:33	[RESUMO]	OBJETOS REMOVIDOS:      0
10:04:33	[RESUMO]	USERKEYS CRIADAS:       0
10:04:33	[RESUMO]	USERKEYS REMOVIDAS:     0
10:04:33	[RESUMO]	SCRYPTS EXECUTADOS:     0
10:04:33	[RESUMO]	CONSULTAS CRIADAS:      0
10:04:33	[RESUMO]	CONSULTAS ATUALIZADAS:  0
10:04:33	[RESUMO]	CONSULTAS REMOVIDAS:    0
10:04:33	[RESUMO]	PESQUISA CRIADAS:       0
10:04:33	[RESUMO]	PESQUISA ATUALIZADAS:   0
10:04:33	[RESUMO]	PESQUISA REMOVIDAS:     0
10:04:33	[RESUMO]	PERMISSÕES CRIADAS:     0
10:04:33	[RESUMO]	PERMISSÕES ATUALIZADAS: 0
10:04:33	[RESUMO]	PERMISSÕES REMOVIDAS:   0
