11:35:49	[AVISO]	CREATETABLE - Criação de Tabelas versão 1.0.0
11:35:49	[AVISO]	Conectando com a base de dados SBOPORTALGENERICO
11:35:57	[AVISO]	A tabela [LGODPEDIDOVENDEDOR] já existe na base de dados.
11:35:57	[AVISO]	O campo [VendedorCode] já existe na tabela [@LGODPEDIDOVENDEDOR].
11:35:57	[ERRO]	Erro ao executar método RegisterOrUpdate_Objects - Foi definido para o objeto [LGODPEDIDOVENDEDOR] o serviço de procura, porém nenhum campo de busca foi específicado.
11:35:57	[RESUMO]	*************************
11:35:57	[RESUMO]	TABELAS CRIADAS:        0
11:35:57	[RESUMO]	TABELAS ATUALIZADAS:    0
11:35:57	[RESUMO]	TABELAS REMOVIDAS:      0
11:35:57	[RESUMO]	CAMPOS CRIADOS:         0
11:35:57	[RESUMO]	CAMPOS ATUALIZADOS:     0
11:35:57	[RESUMO]	CAMPOS REMOVIDOS:       0
11:35:57	[RESUMO]	OBJETOS CRIADOS:        0
11:35:57	[RESUMO]	OBJETOS ATUALIZADOS:    0
11:35:57	[RESUMO]	OBJETOS REMOVIDOS:      0
11:35:57	[RESUMO]	USERKEYS CRIADAS:       0
11:35:57	[RESUMO]	USERKEYS REMOVIDAS:     0
11:35:57	[RESUMO]	SCRYPTS EXECUTADOS:     0
11:35:57	[RESUMO]	CONSULTAS CRIADAS:      0
11:35:57	[RESUMO]	CONSULTAS ATUALIZADAS:  0
11:35:57	[RESUMO]	CONSULTAS REMOVIDAS:    0
11:35:57	[RESUMO]	PESQUISA CRIADAS:       0
11:35:57	[RESUMO]	PESQUISA ATUALIZADAS:   0
11:35:57	[RESUMO]	PESQUISA REMOVIDAS:     0
11:35:57	[RESUMO]	PERMISSÕES CRIADAS:     0
11:35:57	[RESUMO]	PERMISSÕES ATUALIZADAS: 0
11:35:57	[RESUMO]	PERMISSÕES REMOVIDAS:   0
