14:16:07	[AVISO]	CREATETABLE - Criação de Tabelas versão 1.0.0
14:16:07	[AVISO]	Conectando com a base de dados SBOPORTALGENERICO
14:16:19	[SUCESSO]	A tabela [LGODPEDIDOVENDEDOR] foi removida com sucesso.
14:16:23	[SUCESSO]	A tabela [LGOPEDIDOVENDA] foi criada com sucesso.
14:16:29	[SUCESSO]	O campo [DocEntryPedido] na tabela [@LGOPEDIDOVENDA] foi criado com sucesso.
14:16:33	[SUCESSO]	A tabela [LGDPEDIDOVENDEDOR] foi criada com sucesso.
14:16:40	[SUCESSO]	O campo [VendedorCode] na tabela [@LGDPEDIDOVENDEDOR] foi criado com sucesso.
14:16:40	[ERRO]	Erro ao executar método RegisterOrUpdate_Objects - Foi definido para o objeto [LGOPEDIDOVENDA] o serviço de procura, porém nenhum campo de busca foi específicado.
14:16:40	[RESUMO]	*************************
14:16:40	[RESUMO]	TABELAS CRIADAS:        2
14:16:40	[RESUMO]	TABELAS ATUALIZADAS:    0
14:16:40	[RESUMO]	TABELAS REMOVIDAS:      1
14:16:40	[RESUMO]	CAMPOS CRIADOS:         2
14:16:40	[RESUMO]	CAMPOS ATUALIZADOS:     0
14:16:40	[RESUMO]	CAMPOS REMOVIDOS:       0
14:16:40	[RESUMO]	OBJETOS CRIADOS:        0
14:16:40	[RESUMO]	OBJETOS ATUALIZADOS:    0
14:16:40	[RESUMO]	OBJETOS REMOVIDOS:      0
14:16:40	[RESUMO]	USERKEYS CRIADAS:       0
14:16:40	[RESUMO]	USERKEYS REMOVIDAS:     0
14:16:40	[RESUMO]	SCRYPTS EXECUTADOS:     0
14:16:40	[RESUMO]	CONSULTAS CRIADAS:      0
14:16:40	[RESUMO]	CONSULTAS ATUALIZADAS:  0
14:16:40	[RESUMO]	CONSULTAS REMOVIDAS:    0
14:16:40	[RESUMO]	PESQUISA CRIADAS:       0
14:16:40	[RESUMO]	PESQUISA ATUALIZADAS:   0
14:16:40	[RESUMO]	PESQUISA REMOVIDAS:     0
14:16:40	[RESUMO]	PERMISSÕES CRIADAS:     0
14:16:40	[RESUMO]	PERMISSÕES ATUALIZADAS: 0
14:16:40	[RESUMO]	PERMISSÕES REMOVIDAS:   0
