21:52:41	[AVISO]	CREATETABLE - Criação de Tabelas versão 1.0.0
21:52:41	[AVISO]	Conectando com a base de dados SBOPORTALGENERICO
21:52:47	[ERRO]	A criação da tabela [LGOCTabelaFunc] apresentou o seguinte erro: - (Esta entrada já existe nas tabelas seguintes (ODBC -2035)).
21:52:50	[ERRO]	A criação do campo [NAME] na tabela [@LGOCTabelaFunc] apresentou o seguinte erro: - (Esta entrada já existe nas tabelas seguintes (ODBC -2035)).
21:52:54	[ERRO]	A criação do campo [LASTNAME] na tabela [@LGOCTabelaFunc] apresentou o seguinte erro: - (Esta entrada já existe nas tabelas seguintes (ODBC -2035)).
21:52:58	[ERRO]	A criação do campo [CPF] na tabela [@LGOCTabelaFunc] apresentou o seguinte erro: - (Esta entrada já existe nas tabelas seguintes (ODBC -2035)).
21:52:58	[AVISO]	O objeto [LGOCTabelaFunc] já existe na base de dados
21:52:59	[RESUMO]	*************************
21:52:59	[RESUMO]	TABELAS CRIADAS:        0
21:52:59	[RESUMO]	TABELAS ATUALIZADAS:    0
21:52:59	[RESUMO]	TABELAS REMOVIDAS:      0
21:52:59	[RESUMO]	CAMPOS CRIADOS:         0
21:52:59	[RESUMO]	CAMPOS ATUALIZADOS:     0
21:52:59	[RESUMO]	CAMPOS REMOVIDOS:       0
21:52:59	[RESUMO]	OBJETOS CRIADOS:        0
21:52:59	[RESUMO]	OBJETOS ATUALIZADOS:    0
21:52:59	[RESUMO]	OBJETOS REMOVIDOS:      0
21:52:59	[RESUMO]	USERKEYS CRIADAS:       0
21:52:59	[RESUMO]	USERKEYS REMOVIDAS:     0
21:52:59	[RESUMO]	SCRYPTS EXECUTADOS:     0
21:52:59	[RESUMO]	CONSULTAS CRIADAS:      0
21:52:59	[RESUMO]	CONSULTAS ATUALIZADAS:  0
21:52:59	[RESUMO]	CONSULTAS REMOVIDAS:    0
21:52:59	[RESUMO]	PESQUISA CRIADAS:       0
21:52:59	[RESUMO]	PESQUISA ATUALIZADAS:   0
21:52:59	[RESUMO]	PESQUISA REMOVIDAS:     0
21:52:59	[RESUMO]	PERMISSÕES CRIADAS:     0
21:52:59	[RESUMO]	PERMISSÕES ATUALIZADAS: 0
21:52:59	[RESUMO]	PERMISSÕES REMOVIDAS:   0
