21:57:32	[AVISO]	CREATETABLE - Criação de Tabelas versão 1.0.0
21:57:32	[AVISO]	Conectando com a base de dados SBOPORTALGENERICO
21:57:38	[ERRO]	A criação da tabela [LGOCTabelaFunc] apresentou o seguinte erro: - (Esta entrada já existe nas tabelas seguintes (ODBC -2035)).
21:57:42	[ERRO]	A criação do campo [NAME] na tabela [@LGOCTabelaFunc] apresentou o seguinte erro: - (Esta entrada já existe nas tabelas seguintes (ODBC -2035)).
21:57:45	[ERRO]	A criação do campo [LASTNAME] na tabela [@LGOCTabelaFunc] apresentou o seguinte erro: - (Esta entrada já existe nas tabelas seguintes (ODBC -2035)).
21:57:49	[ERRO]	A criação do campo [CPF] na tabela [@LGOCTabelaFunc] apresentou o seguinte erro: - (Esta entrada já existe nas tabelas seguintes (ODBC -2035)).
21:57:53	[ERRO]	A criação do campo [TEL] na tabela [@LGOCTabelaFunc] apresentou o seguinte erro: - (Esta entrada já existe nas tabelas seguintes (ODBC -2035)).
21:57:58	[SUCESSO]	O campo [DPT] na tabela [@LGOCTabelaFunc] foi criado com sucesso.
21:57:59	[ERRO]	Ao atualizar o registro do objeto [LGOCTabelaFunc] o seguinte erro foi encontrado: ( [UDO2.ColAlias][line: 5] , 'Coluna inválida na tabela @LGOCTABELAFUNC').
21:57:59	[RESUMO]	*************************
21:57:59	[RESUMO]	TABELAS CRIADAS:        0
21:57:59	[RESUMO]	TABELAS ATUALIZADAS:    0
21:57:59	[RESUMO]	TABELAS REMOVIDAS:      0
21:57:59	[RESUMO]	CAMPOS CRIADOS:         1
21:57:59	[RESUMO]	CAMPOS ATUALIZADOS:     0
21:57:59	[RESUMO]	CAMPOS REMOVIDOS:       0
21:57:59	[RESUMO]	OBJETOS CRIADOS:        0
21:57:59	[RESUMO]	OBJETOS ATUALIZADOS:    0
21:57:59	[RESUMO]	OBJETOS REMOVIDOS:      0
21:57:59	[RESUMO]	USERKEYS CRIADAS:       0
21:57:59	[RESUMO]	USERKEYS REMOVIDAS:     0
21:57:59	[RESUMO]	SCRYPTS EXECUTADOS:     0
21:57:59	[RESUMO]	CONSULTAS CRIADAS:      0
21:57:59	[RESUMO]	CONSULTAS ATUALIZADAS:  0
21:57:59	[RESUMO]	CONSULTAS REMOVIDAS:    0
21:57:59	[RESUMO]	PESQUISA CRIADAS:       0
21:57:59	[RESUMO]	PESQUISA ATUALIZADAS:   0
21:57:59	[RESUMO]	PESQUISA REMOVIDAS:     0
21:57:59	[RESUMO]	PERMISSÕES CRIADAS:     0
21:57:59	[RESUMO]	PERMISSÕES ATUALIZADAS: 0
21:57:59	[RESUMO]	PERMISSÕES REMOVIDAS:   0
