09:46:04	[AVISO]	CREATETABLE - Criação de Tabelas versão 1.0.0
09:46:04	[AVISO]	Conectando com a base de dados SBOPORTALGENERICO
09:46:10	[ERRO]	A criação da tabela [LGOCTabelaFunc] apresentou o seguinte erro: - (Esta entrada já existe nas tabelas seguintes (ODBC -2035)).
09:46:14	[ERRO]	A criação do campo [NAME] na tabela [@LGOCTabelaFunc] apresentou o seguinte erro: - (Esta entrada já existe nas tabelas seguintes (ODBC -2035)).
09:46:17	[ERRO]	A criação do campo [LASTNAME] na tabela [@LGOCTabelaFunc] apresentou o seguinte erro: - (Esta entrada já existe nas tabelas seguintes (ODBC -2035)).
09:46:21	[ERRO]	A criação do campo [CPF] na tabela [@LGOCTabelaFunc] apresentou o seguinte erro: - (Esta entrada já existe nas tabelas seguintes (ODBC -2035)).
09:46:25	[ERRO]	A criação do campo [TEL] na tabela [@LGOCTabelaFunc] apresentou o seguinte erro: - (Esta entrada já existe nas tabelas seguintes (ODBC -2035)).
09:46:29	[ERRO]	A criação do campo [DPT] na tabela [@LGOCTabelaFunc] apresentou o seguinte erro: - (Esta entrada já existe nas tabelas seguintes (ODBC -2035)).
09:46:32	[ERRO]	A criação do campo [ID_ATT] na tabela [@LGOCTabelaFunc] apresentou o seguinte erro: - (Esta entrada já existe nas tabelas seguintes (ODBC -2035)).
09:46:36	[ERRO]	A criação do campo [CODE_DPT] na tabela [@LGOCTabelaFunc] apresentou o seguinte erro: - (Esta entrada já existe nas tabelas seguintes (ODBC -2035)).
09:46:37	[ERRO]	Ao atualizar o registro do objeto [LGOCTabelaFunc] o seguinte erro foi encontrado: ( [UDO1.TableName][line: 1] , 'A tabela LGOCTABELADPT do tipo Cadastro não existe').
09:46:41	[SUCESSO]	A tabela [LGOCTabelaDPT] foi criada com sucesso.
09:46:46	[SUCESSO]	O campo [CODE] na tabela [@LGOCTabelaDPT] foi criado com sucesso.
09:46:51	[SUCESSO]	O campo [NAME] na tabela [@LGOCTabelaDPT] foi criado com sucesso.
09:46:56	[SUCESSO]	O campo [CODE_DPT] na tabela [@LGOCTabelaDPT] foi criado com sucesso.
09:47:01	[SUCESSO]	O campo [DPT] na tabela [@LGOCTabelaDPT] foi criado com sucesso.
09:47:01	[RESUMO]	*************************
09:47:01	[RESUMO]	TABELAS CRIADAS:        1
09:47:01	[RESUMO]	TABELAS ATUALIZADAS:    0
09:47:01	[RESUMO]	TABELAS REMOVIDAS:      0
09:47:01	[RESUMO]	CAMPOS CRIADOS:         4
09:47:01	[RESUMO]	CAMPOS ATUALIZADOS:     0
09:47:01	[RESUMO]	CAMPOS REMOVIDOS:       0
09:47:01	[RESUMO]	OBJETOS CRIADOS:        0
09:47:01	[RESUMO]	OBJETOS ATUALIZADOS:    0
09:47:01	[RESUMO]	OBJETOS REMOVIDOS:      0
09:47:01	[RESUMO]	USERKEYS CRIADAS:       0
09:47:01	[RESUMO]	USERKEYS REMOVIDAS:     0
09:47:01	[RESUMO]	SCRYPTS EXECUTADOS:     0
09:47:01	[RESUMO]	CONSULTAS CRIADAS:      0
09:47:01	[RESUMO]	CONSULTAS ATUALIZADAS:  0
09:47:01	[RESUMO]	CONSULTAS REMOVIDAS:    0
09:47:01	[RESUMO]	PESQUISA CRIADAS:       0
09:47:01	[RESUMO]	PESQUISA ATUALIZADAS:   0
09:47:01	[RESUMO]	PESQUISA REMOVIDAS:     0
09:47:01	[RESUMO]	PERMISSÕES CRIADAS:     0
09:47:01	[RESUMO]	PERMISSÕES ATUALIZADAS: 0
09:47:01	[RESUMO]	PERMISSÕES REMOVIDAS:   0
