09:55:21	[AVISO]	CREATETABLE - Criação de Tabelas versão 1.0.0
09:55:21	[AVISO]	Conectando com a base de dados SBOPORTALGENERICO
09:55:27	[ERRO]	A criação da tabela [LGOCTabelaFunc] apresentou o seguinte erro: - (Esta entrada já existe nas tabelas seguintes (ODBC -2035)).
09:55:30	[SUCESSO]	O campo [ID_DPTS] na tabela [@LGOCTabelaFunc] foi criado com sucesso.
09:55:34	[ERRO]	A criação do campo [NAME] na tabela [@LGOCTabelaFunc] apresentou o seguinte erro: - (Esta entrada já existe nas tabelas seguintes (ODBC -2035)).
09:55:37	[ERRO]	A criação do campo [LASTNAME] na tabela [@LGOCTabelaFunc] apresentou o seguinte erro: - (Esta entrada já existe nas tabelas seguintes (ODBC -2035)).
09:55:40	[ERRO]	A criação do campo [CPF] na tabela [@LGOCTabelaFunc] apresentou o seguinte erro: - (Esta entrada já existe nas tabelas seguintes (ODBC -2035)).
09:55:43	[ERRO]	A criação do campo [TEL] na tabela [@LGOCTabelaFunc] apresentou o seguinte erro: - (Esta entrada já existe nas tabelas seguintes (ODBC -2035)).
09:55:47	[ERRO]	A criação do campo [DPT] na tabela [@LGOCTabelaFunc] apresentou o seguinte erro: - (Esta entrada já existe nas tabelas seguintes (ODBC -2035)).
09:55:50	[ERRO]	A criação do campo [ID_ATT] na tabela [@LGOCTabelaFunc] apresentou o seguinte erro: - (Esta entrada já existe nas tabelas seguintes (ODBC -2035)).
09:55:54	[ERRO]	A criação do campo [CODE_DPT] na tabela [@LGOCTabelaFunc] apresentou o seguinte erro: - (Esta entrada já existe nas tabelas seguintes (ODBC -2035)).
09:55:55	[AVISO]	A tabela [LGOLCTABELADPT] já existe na base de dados.
09:55:55	[AVISO]	O campo [CODE] já existe na tabela [@LGOLCTABELADPT].
09:55:55	[AVISO]	O campo [NAME] já existe na tabela [@LGOLCTABELADPT].
09:55:55	[AVISO]	O campo [CODE_DPT] já existe na tabela [@LGOLCTABELADPT].
09:55:55	[AVISO]	O campo [DPT] já existe na tabela [@LGOLCTABELADPT].
09:55:59	[SUCESSO]	O campo [ID_DPTS] na tabela [@LGOLCTABELADPT] foi criado com sucesso.
09:56:04	[SUCESSO]	O registro do objeto [LGOCTabelaFunc] foi atualizado com sucesso.
09:56:04	[RESUMO]	*************************
09:56:04	[RESUMO]	TABELAS CRIADAS:        0
09:56:04	[RESUMO]	TABELAS ATUALIZADAS:    0
09:56:04	[RESUMO]	TABELAS REMOVIDAS:      0
09:56:04	[RESUMO]	CAMPOS CRIADOS:         2
09:56:04	[RESUMO]	CAMPOS ATUALIZADOS:     0
09:56:04	[RESUMO]	CAMPOS REMOVIDOS:       0
09:56:04	[RESUMO]	OBJETOS CRIADOS:        0
09:56:04	[RESUMO]	OBJETOS ATUALIZADOS:    1
09:56:04	[RESUMO]	OBJETOS REMOVIDOS:      0
09:56:04	[RESUMO]	USERKEYS CRIADAS:       0
09:56:04	[RESUMO]	USERKEYS REMOVIDAS:     0
09:56:04	[RESUMO]	SCRYPTS EXECUTADOS:     0
09:56:04	[RESUMO]	CONSULTAS CRIADAS:      0
09:56:04	[RESUMO]	CONSULTAS ATUALIZADAS:  0
09:56:04	[RESUMO]	CONSULTAS REMOVIDAS:    0
09:56:04	[RESUMO]	PESQUISA CRIADAS:       0
09:56:04	[RESUMO]	PESQUISA ATUALIZADAS:   0
09:56:04	[RESUMO]	PESQUISA REMOVIDAS:     0
09:56:04	[RESUMO]	PERMISSÕES CRIADAS:     0
09:56:04	[RESUMO]	PERMISSÕES ATUALIZADAS: 0
09:56:04	[RESUMO]	PERMISSÕES REMOVIDAS:   0
