13:17:56	[AVISO]	CREATETABLE - Criação de Tabelas versão 1.0.0
13:17:56	[AVISO]	Conectando com a base de dados SBOPORTALGENERICO
13:18:02	[ERRO]	A criação da tabela [LGOCTabelaFunc] apresentou o seguinte erro: - (Esta entrada já existe nas tabelas seguintes (ODBC -2035)).
13:18:05	[ERRO]	A criação do campo [ID_DPTS] na tabela [@LGOCTabelaFunc] apresentou o seguinte erro: - (Esta entrada já existe nas tabelas seguintes (ODBC -2035)).
13:18:08	[ERRO]	A criação do campo [NAME] na tabela [@LGOCTabelaFunc] apresentou o seguinte erro: - (Esta entrada já existe nas tabelas seguintes (ODBC -2035)).
13:18:12	[ERRO]	A criação do campo [LASTNAME] na tabela [@LGOCTabelaFunc] apresentou o seguinte erro: - (Esta entrada já existe nas tabelas seguintes (ODBC -2035)).
13:18:16	[ERRO]	A criação do campo [CPF] na tabela [@LGOCTabelaFunc] apresentou o seguinte erro: - (Esta entrada já existe nas tabelas seguintes (ODBC -2035)).
13:18:20	[ERRO]	A criação do campo [TEL] na tabela [@LGOCTabelaFunc] apresentou o seguinte erro: - (Esta entrada já existe nas tabelas seguintes (ODBC -2035)).
13:18:23	[ERRO]	A criação do campo [DPT] na tabela [@LGOCTabelaFunc] apresentou o seguinte erro: - (Esta entrada já existe nas tabelas seguintes (ODBC -2035)).
13:18:27	[ERRO]	A criação do campo [ID_ATT] na tabela [@LGOCTabelaFunc] apresentou o seguinte erro: - (Esta entrada já existe nas tabelas seguintes (ODBC -2035)).
13:18:31	[ERRO]	A criação do campo [CODE_DPT] na tabela [@LGOCTabelaFunc] apresentou o seguinte erro: - (Esta entrada já existe nas tabelas seguintes (ODBC -2035)).
13:18:31	[AVISO]	A tabela [LGOLCTABELADPT] já existe na base de dados.
13:18:31	[AVISO]	O campo [CODE] já existe na tabela [@LGOLCTABELADPT].
13:18:31	[AVISO]	O campo [NAME] já existe na tabela [@LGOLCTABELADPT].
13:18:31	[AVISO]	O campo [CODE_DPT] já existe na tabela [@LGOLCTABELADPT].
13:18:31	[AVISO]	O campo [DPT] já existe na tabela [@LGOLCTABELADPT].
13:18:31	[AVISO]	O campo [ID_DPTS] já existe na tabela [@LGOLCTABELADPT].
13:18:32	[AVISO]	O objeto [LGOCTabelaFunc] já existe na base de dados
13:18:32	[RESUMO]	*************************
13:18:32	[RESUMO]	TABELAS CRIADAS:        0
13:18:32	[RESUMO]	TABELAS ATUALIZADAS:    0
13:18:32	[RESUMO]	TABELAS REMOVIDAS:      0
13:18:32	[RESUMO]	CAMPOS CRIADOS:         0
13:18:32	[RESUMO]	CAMPOS ATUALIZADOS:     0
13:18:32	[RESUMO]	CAMPOS REMOVIDOS:       0
13:18:32	[RESUMO]	OBJETOS CRIADOS:        0
13:18:32	[RESUMO]	OBJETOS ATUALIZADOS:    0
13:18:32	[RESUMO]	OBJETOS REMOVIDOS:      0
13:18:32	[RESUMO]	USERKEYS CRIADAS:       0
13:18:32	[RESUMO]	USERKEYS REMOVIDAS:     0
13:18:32	[RESUMO]	SCRYPTS EXECUTADOS:     0
13:18:32	[RESUMO]	CONSULTAS CRIADAS:      0
13:18:32	[RESUMO]	CONSULTAS ATUALIZADAS:  0
13:18:32	[RESUMO]	CONSULTAS REMOVIDAS:    0
13:18:32	[RESUMO]	PESQUISA CRIADAS:       0
13:18:32	[RESUMO]	PESQUISA ATUALIZADAS:   0
13:18:32	[RESUMO]	PESQUISA REMOVIDAS:     0
13:18:32	[RESUMO]	PERMISSÕES CRIADAS:     0
13:18:32	[RESUMO]	PERMISSÕES ATUALIZADAS: 0
13:18:32	[RESUMO]	PERMISSÕES REMOVIDAS:   0
