14:06:52	[AVISO]	CREATETABLE - Criação de Tabelas versão 1.0.0
14:06:52	[AVISO]	Conectando com a base de dados SBOPORTALGENERICO
14:06:57	[ERRO]	A criação da tabela [LGOCTabelaFunc] apresentou o seguinte erro: - (Esta entrada já existe nas tabelas seguintes (ODBC -2035)).
14:07:00	[ERRO]	A criação do campo [NAME] na tabela [@LGOCTabelaFunc] apresentou o seguinte erro: - (Esta entrada já existe nas tabelas seguintes (ODBC -2035)).
14:07:03	[ERRO]	A criação do campo [LASTNAME] na tabela [@LGOCTabelaFunc] apresentou o seguinte erro: - (Esta entrada já existe nas tabelas seguintes (ODBC -2035)).
14:07:07	[ERRO]	A criação do campo [CPF] na tabela [@LGOCTabelaFunc] apresentou o seguinte erro: - (Esta entrada já existe nas tabelas seguintes (ODBC -2035)).
14:07:10	[ERRO]	A criação do campo [TEL] na tabela [@LGOCTabelaFunc] apresentou o seguinte erro: - (Esta entrada já existe nas tabelas seguintes (ODBC -2035)).
14:07:14	[ERRO]	A criação do campo [ID_ATT] na tabela [@LGOCTabelaFunc] apresentou o seguinte erro: - (Esta entrada já existe nas tabelas seguintes (ODBC -2035)).
14:07:15	[AVISO]	A tabela [LGOLCTABELADPT] já existe na base de dados.
14:07:15	[AVISO]	O campo [CODE_DPT] já existe na tabela [@LGOLCTABELADPT].
14:07:15	[AVISO]	O campo [DPT] já existe na tabela [@LGOLCTABELADPT].
14:07:15	[ERRO]	Ao atualizar o registro do objeto [LGOCTabelaFunc] o seguinte erro foi encontrado: ( [UDO2.ColAlias][line: 6] , 'Coluna inválida na tabela @LGOCTABELAFUNC').
14:07:18	[SUCESSO]	O campo [ID_DPTS] na tabela [@LGOCTABELAFUNC] foi removido com sucesso.
14:07:18	[RESUMO]	*************************
14:07:18	[RESUMO]	TABELAS CRIADAS:        0
14:07:18	[RESUMO]	TABELAS ATUALIZADAS:    0
14:07:18	[RESUMO]	TABELAS REMOVIDAS:      0
14:07:18	[RESUMO]	CAMPOS CRIADOS:         0
14:07:18	[RESUMO]	CAMPOS ATUALIZADOS:     0
14:07:18	[RESUMO]	CAMPOS REMOVIDOS:       1
14:07:18	[RESUMO]	OBJETOS CRIADOS:        0
14:07:18	[RESUMO]	OBJETOS ATUALIZADOS:    0
14:07:18	[RESUMO]	OBJETOS REMOVIDOS:      0
14:07:18	[RESUMO]	USERKEYS CRIADAS:       0
14:07:18	[RESUMO]	USERKEYS REMOVIDAS:     0
14:07:18	[RESUMO]	SCRYPTS EXECUTADOS:     0
14:07:18	[RESUMO]	CONSULTAS CRIADAS:      0
14:07:18	[RESUMO]	CONSULTAS ATUALIZADAS:  0
14:07:18	[RESUMO]	CONSULTAS REMOVIDAS:    0
14:07:18	[RESUMO]	PESQUISA CRIADAS:       0
14:07:18	[RESUMO]	PESQUISA ATUALIZADAS:   0
14:07:18	[RESUMO]	PESQUISA REMOVIDAS:     0
14:07:18	[RESUMO]	PERMISSÕES CRIADAS:     0
14:07:18	[RESUMO]	PERMISSÕES ATUALIZADAS: 0
14:07:18	[RESUMO]	PERMISSÕES REMOVIDAS:   0
