13:22:21	[AVISO]	CREATETABLE - Criação de Tabelas versão 1.0.0
13:22:21	[AVISO]	Conectando com a base de dados SBOPORTALGENERICO
13:22:26	[ERRO]	A criação da tabela [LGOCTabelaFunc] apresentou o seguinte erro: - (Esta entrada já existe nas tabelas seguintes (ODBC -2035)).
13:22:29	[ERRO]	A criação do campo [ID_DPTS] na tabela [@LGOCTabelaFunc] apresentou o seguinte erro: - (Esta entrada já existe nas tabelas seguintes (ODBC -2035)).
13:22:32	[ERRO]	A criação do campo [NAME] na tabela [@LGOCTabelaFunc] apresentou o seguinte erro: - (Esta entrada já existe nas tabelas seguintes (ODBC -2035)).
13:22:35	[ERRO]	A criação do campo [LASTNAME] na tabela [@LGOCTabelaFunc] apresentou o seguinte erro: - (Esta entrada já existe nas tabelas seguintes (ODBC -2035)).
13:22:38	[ERRO]	A criação do campo [CPF] na tabela [@LGOCTabelaFunc] apresentou o seguinte erro: - (Esta entrada já existe nas tabelas seguintes (ODBC -2035)).
13:22:41	[ERRO]	A criação do campo [TEL] na tabela [@LGOCTabelaFunc] apresentou o seguinte erro: - (Esta entrada já existe nas tabelas seguintes (ODBC -2035)).
13:22:44	[ERRO]	A criação do campo [DPT] na tabela [@LGOCTabelaFunc] apresentou o seguinte erro: - (Esta entrada já existe nas tabelas seguintes (ODBC -2035)).
13:22:47	[ERRO]	A criação do campo [ID_ATT] na tabela [@LGOCTabelaFunc] apresentou o seguinte erro: - (Esta entrada já existe nas tabelas seguintes (ODBC -2035)).
13:22:50	[ERRO]	A criação do campo [CODE_DPT] na tabela [@LGOCTabelaFunc] apresentou o seguinte erro: - (Esta entrada já existe nas tabelas seguintes (ODBC -2035)).
13:22:51	[AVISO]	A tabela [LGOLCTABELADPT] já existe na base de dados.
13:22:51	[AVISO]	O campo [CODE] já existe na tabela [@LGOLCTABELADPT].
13:22:51	[AVISO]	O campo [NAME] já existe na tabela [@LGOLCTABELADPT].
13:22:51	[AVISO]	O campo [CODE_DPT] já existe na tabela [@LGOLCTABELADPT].
13:22:51	[AVISO]	O campo [DPT] já existe na tabela [@LGOLCTABELADPT].
13:22:51	[AVISO]	O campo [ID_DPTS] já existe na tabela [@LGOLCTABELADPT].
13:22:51	[AVISO]	O objeto [LGOCTabelaFunc] já existe na base de dados
13:22:52	[RESUMO]	*************************
13:22:52	[RESUMO]	TABELAS CRIADAS:        0
13:22:52	[RESUMO]	TABELAS ATUALIZADAS:    0
13:22:52	[RESUMO]	TABELAS REMOVIDAS:      0
13:22:52	[RESUMO]	CAMPOS CRIADOS:         0
13:22:52	[RESUMO]	CAMPOS ATUALIZADOS:     0
13:22:52	[RESUMO]	CAMPOS REMOVIDOS:       0
13:22:52	[RESUMO]	OBJETOS CRIADOS:        0
13:22:52	[RESUMO]	OBJETOS ATUALIZADOS:    0
13:22:52	[RESUMO]	OBJETOS REMOVIDOS:      0
13:22:52	[RESUMO]	USERKEYS CRIADAS:       0
13:22:52	[RESUMO]	USERKEYS REMOVIDAS:     0
13:22:52	[RESUMO]	SCRYPTS EXECUTADOS:     0
13:22:52	[RESUMO]	CONSULTAS CRIADAS:      0
13:22:52	[RESUMO]	CONSULTAS ATUALIZADAS:  0
13:22:52	[RESUMO]	CONSULTAS REMOVIDAS:    0
13:22:52	[RESUMO]	PESQUISA CRIADAS:       0
13:22:52	[RESUMO]	PESQUISA ATUALIZADAS:   0
13:22:52	[RESUMO]	PESQUISA REMOVIDAS:     0
13:22:52	[RESUMO]	PERMISSÕES CRIADAS:     0
13:22:52	[RESUMO]	PERMISSÕES ATUALIZADAS: 0
13:22:52	[RESUMO]	PERMISSÕES REMOVIDAS:   0
