14:00:13	[AVISO]	CREATETABLE - Criação de Tabelas versão 1.0.0
14:00:13	[AVISO]	Conectando com a base de dados SBOPORTALGENERICO
14:00:18	[ERRO]	A criação da tabela [LGOCTabelaFunc] apresentou o seguinte erro: - (Esta entrada já existe nas tabelas seguintes (ODBC -2035)).
14:00:21	[SUCESSO]	O campo [ID_DPTS] na tabela [@LGOCTabelaFunc] foi criado com sucesso.
14:00:25	[ERRO]	A criação do campo [NAME] na tabela [@LGOCTabelaFunc] apresentou o seguinte erro: - (Esta entrada já existe nas tabelas seguintes (ODBC -2035)).
14:00:29	[ERRO]	A criação do campo [LASTNAME] na tabela [@LGOCTabelaFunc] apresentou o seguinte erro: - (Esta entrada já existe nas tabelas seguintes (ODBC -2035)).
14:00:32	[ERRO]	A criação do campo [CPF] na tabela [@LGOCTabelaFunc] apresentou o seguinte erro: - (Esta entrada já existe nas tabelas seguintes (ODBC -2035)).
14:00:36	[ERRO]	A criação do campo [TEL] na tabela [@LGOCTabelaFunc] apresentou o seguinte erro: - (Esta entrada já existe nas tabelas seguintes (ODBC -2035)).
14:00:39	[ERRO]	A criação do campo [ID_ATT] na tabela [@LGOCTabelaFunc] apresentou o seguinte erro: - (Esta entrada já existe nas tabelas seguintes (ODBC -2035)).
14:00:40	[AVISO]	A tabela [LGOLCTABELADPT] já existe na base de dados.
14:00:40	[AVISO]	O campo [CODE_DPT] já existe na tabela [@LGOLCTABELADPT].
14:00:40	[AVISO]	O campo [DPT] já existe na tabela [@LGOLCTABELADPT].
14:00:40	[ERRO]	Ao atualizar o registro do objeto [LGOCTabelaFunc] o seguinte erro foi encontrado: ( [UDO2.ColAlias][line: 6] , 'Coluna inválida na tabela @LGOCTABELAFUNC').
14:00:44	[SUCESSO]	O campo [CODE] na tabela [@LGOLCTABELADPT] foi removido com sucesso.
14:00:48	[SUCESSO]	O campo [NAME] na tabela [@LGOLCTABELADPT] foi removido com sucesso.
14:00:52	[SUCESSO]	O campo [ID_DPTS] na tabela [@LGOLCTABELADPT] foi removido com sucesso.
14:00:56	[SUCESSO]	O campo [U_ID_DPT] na tabela [@LGOLCTABELADPT] foi removido com sucesso.
14:00:56	[RESUMO]	*************************
14:00:56	[RESUMO]	TABELAS CRIADAS:        0
14:00:56	[RESUMO]	TABELAS ATUALIZADAS:    0
14:00:56	[RESUMO]	TABELAS REMOVIDAS:      0
14:00:56	[RESUMO]	CAMPOS CRIADOS:         1
14:00:56	[RESUMO]	CAMPOS ATUALIZADOS:     0
14:00:56	[RESUMO]	CAMPOS REMOVIDOS:       4
14:00:56	[RESUMO]	OBJETOS CRIADOS:        0
14:00:56	[RESUMO]	OBJETOS ATUALIZADOS:    0
14:00:56	[RESUMO]	OBJETOS REMOVIDOS:      0
14:00:56	[RESUMO]	USERKEYS CRIADAS:       0
14:00:56	[RESUMO]	USERKEYS REMOVIDAS:     0
14:00:56	[RESUMO]	SCRYPTS EXECUTADOS:     0
14:00:56	[RESUMO]	CONSULTAS CRIADAS:      0
14:00:56	[RESUMO]	CONSULTAS ATUALIZADAS:  0
14:00:56	[RESUMO]	CONSULTAS REMOVIDAS:    0
14:00:56	[RESUMO]	PESQUISA CRIADAS:       0
14:00:56	[RESUMO]	PESQUISA ATUALIZADAS:   0
14:00:56	[RESUMO]	PESQUISA REMOVIDAS:     0
14:00:56	[RESUMO]	PERMISSÕES CRIADAS:     0
14:00:56	[RESUMO]	PERMISSÕES ATUALIZADAS: 0
14:00:56	[RESUMO]	PERMISSÕES REMOVIDAS:   0
