13:52:18	[AVISO]	CREATETABLE - Criação de Tabelas versão 1.0.0
13:52:18	[AVISO]	Conectando com a base de dados SBOPORTALGENERICO
13:52:23	[ERRO]	A criação da tabela [LGOCTabelaFunc] apresentou o seguinte erro: - (Esta entrada já existe nas tabelas seguintes (ODBC -2035)).
13:52:25	[ERRO]	A criação do campo [ID_DPTS] na tabela [@LGOCTabelaFunc] apresentou o seguinte erro: - (Esta entrada já existe nas tabelas seguintes (ODBC -2035)).
13:52:29	[ERRO]	A criação do campo [NAME] na tabela [@LGOCTabelaFunc] apresentou o seguinte erro: - (Esta entrada já existe nas tabelas seguintes (ODBC -2035)).
13:52:32	[ERRO]	A criação do campo [LASTNAME] na tabela [@LGOCTabelaFunc] apresentou o seguinte erro: - (Esta entrada já existe nas tabelas seguintes (ODBC -2035)).
13:52:35	[ERRO]	A criação do campo [CPF] na tabela [@LGOCTabelaFunc] apresentou o seguinte erro: - (Esta entrada já existe nas tabelas seguintes (ODBC -2035)).
13:52:38	[ERRO]	A criação do campo [TEL] na tabela [@LGOCTabelaFunc] apresentou o seguinte erro: - (Esta entrada já existe nas tabelas seguintes (ODBC -2035)).
13:52:41	[ERRO]	A criação do campo [ID_ATT] na tabela [@LGOCTabelaFunc] apresentou o seguinte erro: - (Esta entrada já existe nas tabelas seguintes (ODBC -2035)).
13:52:42	[AVISO]	A tabela [LGOLCTABELADPT] já existe na base de dados.
13:52:42	[AVISO]	O campo [CODE] já existe na tabela [@LGOLCTABELADPT].
13:52:42	[AVISO]	O campo [NAME] já existe na tabela [@LGOLCTABELADPT].
13:52:42	[AVISO]	O campo [CODE_DPT] já existe na tabela [@LGOLCTABELADPT].
13:52:42	[AVISO]	O campo [DPT] já existe na tabela [@LGOLCTABELADPT].
13:52:42	[AVISO]	O campo [ID_DPTS] já existe na tabela [@LGOLCTABELADPT].
13:52:42	[ERRO]	Ao atualizar o registro do objeto [LGOCTabelaFunc] o seguinte erro foi encontrado: ( [UDO2.ColAlias][line: 7] , 'Coluna inválida na tabela @LGOCTABELAFUNC').
13:52:45	[SUCESSO]	O campo [ID_DPTS] na tabela [@LGOCTABELAFUNC] foi removido com sucesso.
13:52:45	[RESUMO]	*************************
13:52:45	[RESUMO]	TABELAS CRIADAS:        0
13:52:45	[RESUMO]	TABELAS ATUALIZADAS:    0
13:52:45	[RESUMO]	TABELAS REMOVIDAS:      0
13:52:45	[RESUMO]	CAMPOS CRIADOS:         0
13:52:45	[RESUMO]	CAMPOS ATUALIZADOS:     0
13:52:45	[RESUMO]	CAMPOS REMOVIDOS:       1
13:52:45	[RESUMO]	OBJETOS CRIADOS:        0
13:52:45	[RESUMO]	OBJETOS ATUALIZADOS:    0
13:52:45	[RESUMO]	OBJETOS REMOVIDOS:      0
13:52:45	[RESUMO]	USERKEYS CRIADAS:       0
13:52:45	[RESUMO]	USERKEYS REMOVIDAS:     0
13:52:45	[RESUMO]	SCRYPTS EXECUTADOS:     0
13:52:45	[RESUMO]	CONSULTAS CRIADAS:      0
13:52:45	[RESUMO]	CONSULTAS ATUALIZADAS:  0
13:52:45	[RESUMO]	CONSULTAS REMOVIDAS:    0
13:52:45	[RESUMO]	PESQUISA CRIADAS:       0
13:52:45	[RESUMO]	PESQUISA ATUALIZADAS:   0
13:52:45	[RESUMO]	PESQUISA REMOVIDAS:     0
13:52:45	[RESUMO]	PERMISSÕES CRIADAS:     0
13:52:45	[RESUMO]	PERMISSÕES ATUALIZADAS: 0
13:52:45	[RESUMO]	PERMISSÕES REMOVIDAS:   0
